  cArtBanyo.cpp
  cArtBazar.cpp
  cArtCerraje.cpp
  cArtElect.cpp
  cArtFerre.cpp
  cArtHerramientas.cpp
  cCerrajero.cpp
  cCliente.cpp
  cDespachante.cpp
  cDuenyo.cpp
  cEmpleado.cpp
  cFerreteria.cpp
  cInventario.cpp
  cPersona.cpp
  cPlomero.cpp
  cProducto.cpp
  cRecibo.cpp
  Exception.cpp
  TP2Ferre.cpp
  Generando código...
C:\Users\54232\Desktop\Mateo\2022\BMI\LP1\TP3 Ferreteria\cDuenyo.cpp(118): warning C4715: 'cDuenyo::comprarRepuesto': no todas las rutas de acceso de control devuelven un valor
  TP2Ferre.vcxproj -> C:\Users\54232\Desktop\Mateo\2022\BMI\LP1\TP3 Ferreteria\x64\Debug\TP2Ferre.exe
